<?xml version="1.0" encoding="UTF-8"?>
<!-- Generated by org.testng.reporters.JUnitReportReporter -->
<testsuite skipped="0" hostname="si-anbunathanr" name="tests.basic" tests="1" failures="0" timestamp="05 Aug 2019 13:26:53 GMT" time="0.055" errors="1">
  <testcase name="testCal" time="0.055" classname="tests.basic">
    <error type="org.openqa.selenium.InvalidSelectorException" message="Locator Strategy &#039;css selector&#039; is not supported for this session
For documentation on this error, please visit: https://www.seleniumhq.org/exceptions/invalid_selector_exception.html
Build info: version: &#039;4.0.0-alpha-1&#039;, revision: &#039;d1d3728cae&#039;, time: &#039;2019-04-24T13:42:21&#039;
System info: host: &#039;SI-ANBUNATHANR&#039;, ip: &#039;10.221.37.31&#039;, os.name: &#039;Windows 7&#039;, os.arch: &#039;amd64&#039;, os.version: &#039;6.1&#039;, java.version: &#039;1.8.0_211&#039;
Driver info: org.openqa.selenium.remote.RemoteWebDriver
Capabilities {BROWSER_NAME: Android, appActivity: com.android.calculator2.Cal..., appPackage: com.android.calculator2, automationName: uiautomator2, databaseEnabled: false, desired: {BROWSER_NAME: Android, appActivity: com.android.calculator2.Cal..., appPackage: com.android.calculator2, automationName: uiautomator2, deviceName: G5 SE, platformName: android, platformVersion: 6.0.1, skipUnlock: true, udid: LGH8451bb031b0}, deviceApiLevel: 23, deviceManufacturer: LGE, deviceModel: LG-H845, deviceName: LGH8451bb031b0, deviceScreenDensity: 640, deviceScreenSize: 1440x2560, deviceUDID: LGH8451bb031b0, javascriptEnabled: true, locationContextEnabled: false, networkConnectionEnabled: true, pixelRatio: 4, platform: LINUX, platformName: LINUX, platformVersion: 6.0.1, skipUnlock: true, statBarHeight: 96, takesScreenshot: true, udid: LGH8451bb031b0, viewportRect: {height: 2296, left: 0, top: 96, width: 1440}, warnings: {}, webStorageEnabled: false}
Session ID: 6fa25d9c-1ec8-45b2-8da4-114f84218dd1
*** Element info: {Using=name, value=2}">
      <![CDATA[org.openqa.selenium.InvalidSelectorException: Locator Strategy 'css selector' is not supported for this session
For documentation on this error, please visit: https://www.seleniumhq.org/exceptions/invalid_selector_exception.html
Build info: version: '4.0.0-alpha-1', revision: 'd1d3728cae', time: '2019-04-24T13:42:21'
System info: host: 'SI-ANBUNATHANR', ip: '10.221.37.31', os.name: 'Windows 7', os.arch: 'amd64', os.version: '6.1', java.version: '1.8.0_211'
Driver info: org.openqa.selenium.remote.RemoteWebDriver
Capabilities {BROWSER_NAME: Android, appActivity: com.android.calculator2.Cal..., appPackage: com.android.calculator2, automationName: uiautomator2, databaseEnabled: false, desired: {BROWSER_NAME: Android, appActivity: com.android.calculator2.Cal..., appPackage: com.android.calculator2, automationName: uiautomator2, deviceName: G5 SE, platformName: android, platformVersion: 6.0.1, skipUnlock: true, udid: LGH8451bb031b0}, deviceApiLevel: 23, deviceManufacturer: LGE, deviceModel: LG-H845, deviceName: LGH8451bb031b0, deviceScreenDensity: 640, deviceScreenSize: 1440x2560, deviceUDID: LGH8451bb031b0, javascriptEnabled: true, locationContextEnabled: false, networkConnectionEnabled: true, pixelRatio: 4, platform: LINUX, platformName: LINUX, platformVersion: 6.0.1, skipUnlock: true, statBarHeight: 96, takesScreenshot: true, udid: LGH8451bb031b0, viewportRect: {height: 2296, left: 0, top: 96, width: 1440}, warnings: {}, webStorageEnabled: false}
Session ID: 6fa25d9c-1ec8-45b2-8da4-114f84218dd1
*** Element info: {Using=name, value=2}
at sun.reflect.NativeConstructorAccessorImpl.newInstance0(Native Method)
at sun.reflect.NativeConstructorAccessorImpl.newInstance(Unknown Source)
at sun.reflect.DelegatingConstructorAccessorImpl.newInstance(Unknown Source)
at java.lang.reflect.Constructor.newInstance(Unknown Source)
at org.openqa.selenium.remote.codec.w3c.W3CHttpResponseCodec.createException(W3CHttpResponseCodec.java:190)
at org.openqa.selenium.remote.codec.w3c.W3CHttpResponseCodec.decode(W3CHttpResponseCodec.java:124)
at org.openqa.selenium.remote.codec.w3c.W3CHttpResponseCodec.decode(W3CHttpResponseCodec.java:51)
at org.openqa.selenium.remote.HttpCommandExecutor.execute(HttpCommandExecutor.java:161)
at org.openqa.selenium.remote.RemoteWebDriver.execute(RemoteWebDriver.java:577)
at org.openqa.selenium.remote.RemoteWebDriver.findElement(RemoteWebDriver.java:328)
at org.openqa.selenium.remote.RemoteWebDriver.findElementByName(RemoteWebDriver.java:416)
at org.openqa.selenium.By$ByName.findElement(By.java:284)
at org.openqa.selenium.remote.RemoteWebDriver.findElement(RemoteWebDriver.java:320)
at tests.basic.testCal(basic.java:41)
at sun.reflect.NativeMethodAccessorImpl.invoke0(Native Method)
at sun.reflect.NativeMethodAccessorImpl.invoke(Unknown Source)
at sun.reflect.DelegatingMethodAccessorImpl.invoke(Unknown Source)
at java.lang.reflect.Method.invoke(Unknown Source)
at org.testng.internal.MethodInvocationHelper.invokeMethod(MethodInvocationHelper.java:124)
at org.testng.internal.Invoker.invokeMethod(Invoker.java:583)
at org.testng.internal.Invoker.invokeTestMethod(Invoker.java:719)
at org.testng.internal.Invoker.invokeTestMethods(Invoker.java:989)
at org.testng.internal.TestMethodWorker.invokeTestMethods(TestMethodWorker.java:125)
at org.testng.internal.TestMethodWorker.run(TestMethodWorker.java:109)
at org.testng.TestRunner.privateRun(TestRunner.java:648)
at org.testng.TestRunner.run(TestRunner.java:505)
at org.testng.SuiteRunner.runTest(SuiteRunner.java:455)
at org.testng.SuiteRunner.runSequentially(SuiteRunner.java:450)
at org.testng.SuiteRunner.privateRun(SuiteRunner.java:415)
at org.testng.SuiteRunner.run(SuiteRunner.java:364)
at org.testng.SuiteRunnerWorker.runSuite(SuiteRunnerWorker.java:52)
at org.testng.SuiteRunnerWorker.run(SuiteRunnerWorker.java:84)
at org.testng.TestNG.runSuitesSequentially(TestNG.java:1208)
at org.testng.TestNG.runSuitesLocally(TestNG.java:1137)
at org.testng.TestNG.runSuites(TestNG.java:1049)
at org.testng.TestNG.run(TestNG.java:1017)
at org.testng.remote.AbstractRemoteTestNG.run(AbstractRemoteTestNG.java:115)
at org.testng.remote.RemoteTestNG.initAndRun(RemoteTestNG.java:251)
at org.testng.remote.RemoteTestNG.main(RemoteTestNG.java:77)
]]>
    </error>
  </testcase> <!-- testCal -->
</testsuite> <!-- tests.basic -->
